<?xml version="1.0" encoding="UTF-8"?>
<!-- Generated by org.testng.reporters.JUnitReportReporter -->
<testsuite skipped="1" hostname="DESKTOP-GG15ICR" name="com.actitime.tests.VerifyBuildTest" tests="2" failures="0" timestamp="25 Sep 2018 14:57:08 GMT" time="17.276" errors="0">
  <testcase name="testVerifyBuild" time="0.000" classname="com.actitime.tests.VerifyBuildTest">
    <skipped/>
  </testcase> <!-- testVerifyBuild -->
  <testcase name="testVerifyBuild" time="17.276" classname="com.actitime.tests.VerifyBuildTest"/>
</testsuite> <!-- com.actitime.tests.VerifyBuildTest -->
