<?xml version="1.0" encoding="UTF-8"?>
<!-- Generated by org.testng.reporters.JUnitReportReporter -->
<testsuite skipped="1" hostname="DESKTOP-GG15ICR" name="com.actitime.tests.VerifyVersionTest" tests="2" failures="0" timestamp="25 Sep 2018 14:57:08 GMT" time="8.103" errors="0">
  <testcase name="testVerifyVersionTest" time="8.103" classname="com.actitime.tests.VerifyVersionTest"/>
  <testcase name="testVerifyVersionTest" time="0.000" classname="com.actitime.tests.VerifyVersionTest">
    <skipped/>
  </testcase> <!-- testVerifyVersionTest -->
</testsuite> <!-- com.actitime.tests.VerifyVersionTest -->
