<?xml version="1.0" encoding="UTF-8"?>
<!-- Generated by org.testng.reporters.JUnitReportReporter -->
<testsuite skipped="1" hostname="DESKTOP-GG15ICR" name="com.actitime.tests.InvalidLoginTest" tests="2" failures="0" timestamp="25 Sep 2018 14:57:08 GMT" time="21.362" errors="0">
  <testcase name="testInvalidLogin" time="0.000" classname="com.actitime.tests.InvalidLoginTest">
    <skipped/>
  </testcase> <!-- testInvalidLogin -->
  <testcase name="testInvalidLogin" time="21.362" classname="com.actitime.tests.InvalidLoginTest"/>
</testsuite> <!-- com.actitime.tests.InvalidLoginTest -->
